<?xml version="1.0" encoding="UTF-8"?>
<!-- Generated by org.testng.reporters.JUnitReportReporter -->
<testsuite hostname="DESKTOP-TR5UBIN" name="tests.LoginTests" tests="3" failures="0" timestamp="18 Jun 2019 09:00:42 GMT" time="6.455" errors="0">
  <testcase name="UsernamePswdLoginTest" time="2.530" classname="tests.LoginTests"/>
  <testcase name="loginWithIDTest" time="1.447" classname="tests.LoginTests"/>
  <testcase name="validLoginTest" time="2.478" classname="tests.LoginTests"/>
</testsuite> <!-- tests.LoginTests -->
